<?xml version="1.0" encoding="UTF-8"?>
<robot generator="Robot 6.1.1 (Python 3.10.12 on darwin)" generated="20231007 22:32:50.116" rpa="true" schemaversion="4">
<suite id="s1" name="Tasks" source="/Users/jinzhang/Documents/github/robot-playwright-tutorial/code/tasks.robot">
<test id="s1-t1" name="Example Test" line="12">
<kw name="New Page" library="Browser">
<arg>https://playwright.dev</arg>
<tag>BrowserControl</tag>
<tag>Setter</tag>
<doc>Open a new Page.</doc>
<msg timestamp="20231007 22:33:02.045" level="INFO">Keyword 'Take Screenshot  fail-screenshot-{index}' could not be run on failure:
Error: Tried to take screenshot, but no page was open.</msg>
<msg timestamp="20231007 22:33:02.048" level="INFO">See also file:///Users/jinzhang/Documents/github/robot-playwright-tutorial/playwright-log.txt for additional details.</msg>
<msg timestamp="20231007 22:33:02.048" level="FAIL">TimeoutError: page.goto: Timeout 10000ms exceeded.
=========================== logs ===========================
navigating to "https://playwright.dev/", waiting until "load"
============================================================
Tip: Use "Set Browser Timeout" for increasing the timeout or double check your locator as the targeted element(s) couldn't be found.</msg>
<status status="FAIL" starttime="20231007 22:32:51.267" endtime="20231007 22:33:02.054"/>
</kw>
<kw name="Get Text" library="Browser">
<arg>h1</arg>
<arg>contains</arg>
<arg>Playwright</arg>
<tag>Assertion</tag>
<tag>Getter</tag>
<tag>PageContent</tag>
<doc>Returns text attribute of the element found by ``selector``.</doc>
<status status="NOT RUN" starttime="20231007 22:33:02.054" endtime="20231007 22:33:02.055"/>
</kw>
<status status="FAIL" starttime="20231007 22:32:51.258" endtime="20231007 22:33:02.055">TimeoutError: page.goto: Timeout 10000ms exceeded.
=========================== logs ===========================
navigating to "https://playwright.dev/", waiting until "load"
============================================================
Tip: Use "Set Browser Timeout" for increasing the timeout or double check your locator as the targeted element(s) couldn't be found.</status>
</test>
<doc>Playwright template.</doc>
<status status="FAIL" starttime="20231007 22:32:50.122" endtime="20231007 22:33:02.152"/>
</suite>
<statistics>
<total>
<stat pass="0" fail="1" skip="0">All Tasks</stat>
</total>
<tag>
</tag>
<suite>
<stat pass="0" fail="1" skip="0" id="s1" name="Tasks">Tasks</stat>
</suite>
</statistics>
<errors>
</errors>
</robot>
